<?xml version="1.0" encoding="utf-8"?><testsuites name="pytest tests"><testsuite name="pytest" errors="0" failures="1" skipped="0" tests="16" time="5.228" timestamp="2026-08-16T20:11:49.970333+00:00" hostname="agent-env-0d5bde37-377a-4fd1-8006-96218ab65782"><testcase classname="tests.test_iter11_features.TestActivityRegistration" name="test_register_stores_activity_electricista" time="0.595" /><testcase classname="tests.test_iter11_features.TestActivityRegistration" name="test_company_stub_suggests_activity_template" time="0.062" /><testcase classname="tests.test_iter11_features.TestActivityRegistration" name="test_register_no_activity_defaults_clasico" time="0.417" /><testcase classname="tests.test_iter11_features.TestActivityRegistration" name="test_register_invalid_activity_defaults_clasico" time="0.447" /><testcase classname="tests.test_iter11_features.TestPaymentHistory" name="test_history_empty_for_basico_no_stripe" time="0.061" /><testcase classname="tests.test_iter11_features.TestPaymentHistory" name="test_history_requires_auth" time="0.127" /><testcase classname="tests.test_iter11_features.TestCustomerPortal" name="test_portal_400_no_stripe_customer" time="0.069" /><testcase classname="tests.test_iter11_features.TestCustomerPortal" name="test_portal_requires_auth" time="0.131" /><testcase classname="tests.test_iter11_features.TestAdminAudit" name="test_audit_requires_admin" time="0.054" /><testcase classname="tests.test_iter11_features.TestAdminAudit" name="test_audit_unauthenticated" time="0.188" /><testcase classname="tests.test_iter11_features.TestAdminAudit" name="test_audit_returns_list_with_enriched_fields" time="0.459" /><testcase classname="tests.test_iter11_features.TestAdminAudit" name="test_audit_new_entry_appears_after_block" time="0.187"><failure message="AssertionError: assert 'test_iter11_...b@example.com' == 'TEST_iter11_...b@example.com'&#10;  &#10;  - TEST_iter11_noact_99d52cfb@example.com&#10;  ? ^^^^&#10;  + test_iter11_noact_99d52cfb@example.com&#10;  ? ^^^^">backend/tests/test_iter11_features.py:156: in test_audit_new_entry_appears_after_block
    assert top["target_email"] == user_no_activity["email"]
E   AssertionError: assert 'test_iter11_...b@example.com' == 'TEST_iter11_...b@example.com'
E     
E     - TEST_iter11_noact_99d52cfb@example.com
E     ? ^^^^
E     + test_iter11_noact_99d52cfb@example.com
E     ? ^^^^</failure></testcase><testcase classname="tests.test_iter11_features.TestRegression" name="test_checkout_medio_returns_stripe_url" time="1.303" /><testcase classname="tests.test_iter11_features.TestRegression" name="test_checkout_platino_returns_stripe_url" time="0.941" /><testcase classname="tests.test_iter11_features.TestRegression" name="test_admin_plans_defaults_restored" time="0.054" /><testcase classname="tests.test_iter11_features.TestRegression" name="test_global_templates_goroky_still_works" time="0.061" /></testsuite></testsuites>