<?xml version="1.0" encoding="utf-8"?><testsuites name="pytest tests"><testsuite name="pytest" errors="0" failures="0" skipped="0" tests="52" time="18.883" timestamp="2026-08-16T17:34:10.521018+00:00" hostname="agent-env-0d5bde37-377a-4fd1-8006-96218ab65782"><testcase classname="tests.backend_test" name="test_auth_me" time="0.445" /><testcase classname="tests.backend_test" name="test_login_invalid" time="0.365" /><testcase classname="tests.backend_test" name="test_company_upsert_and_get" time="0.120" /><testcase classname="tests.backend_test" name="test_invoice_computation" time="0.059" /><testcase classname="tests.backend_test" name="test_invoice_list" time="0.074" /><testcase classname="tests.backend_test" name="test_invoice_pdf" time="0.065" /><testcase classname="tests.backend_test" name="test_invoice_send_email" time="0.292" /><testcase classname="tests.backend_test" name="test_invoice_send_email_no_client_email" time="0.178" /><testcase classname="tests.backend_test" name="test_invoice_status_toggle" time="0.117" /><testcase classname="tests.backend_test" name="test_expense_create_and_delete" time="0.171" /><testcase classname="tests.backend_test" name="test_dashboard" time="0.060" /><testcase classname="tests.backend_test" name="test_register_new_user" time="0.387" /><testcase classname="tests.test_iter7.TestLookupNif" name="test_lookup_valid_es_cif" time="0.921" /><testcase classname="tests.test_iter7.TestLookupNif" name="test_lookup_empty" time="0.230" /><testcase classname="tests.test_iter7.TestLookupNif" name="test_lookup_unauth" time="0.132" /><testcase classname="tests.test_iter7.TestCompanyMode" name="test_set_preproduccion" time="0.176" /><testcase classname="tests.test_iter7.TestCompanyMode" name="test_set_simulado" time="0.210" /><testcase classname="tests.test_iter7.TestVerifactuSimulado" name="test_submit_simulado" time="0.366" /><testcase classname="tests.test_iter7.TestVerifactuSimulado" name="test_submit_idempotent" time="0.134" /><testcase classname="tests.test_iter7.TestVerifactuSimulado" name="test_download_signed_xml" time="0.046" /><testcase classname="tests.test_iter7.TestVerifactuSimulado" name="test_download_xml_404_no_verifactu" time="0.341" /><testcase classname="tests.test_iter7.TestVerifactuPreproduccion" name="test_preprod_captures_error" time="1.478" /><testcase classname="tests.test_iter7.TestCronCertExpiry" name="test_no_auth" time="0.127" /><testcase classname="tests.test_iter7.TestCronCertExpiry" name="test_wrong_auth" time="0.099" /><testcase classname="tests.test_iter7.TestCronCertExpiry" name="test_with_secret" time="0.097" /><testcase classname="tests.test_new_features" name="test_register_with_tax_type_empresa" time="0.367" /><testcase classname="tests.test_new_features" name="test_register_with_tax_type_autonomo" time="0.325" /><testcase classname="tests.test_new_features" name="test_available_years" time="0.380" /><testcase classname="tests.test_new_features" name="test_contacts_crud" time="0.283" /><testcase classname="tests.test_new_features" name="test_dashboard_with_modelo_130" time="0.049" /><testcase classname="tests.test_new_features" name="test_files_requires_auth" time="0.116" /><testcase classname="tests.test_new_features" name="test_expense_scan_ocr" time="3.529" /><testcase classname="tests.test_rectificativa" name="test_company_rectify_prefix_default" time="0.439" /><testcase classname="tests.test_rectificativa" name="test_rectificativa_flow" time="0.338" /><testcase classname="tests.test_rectificativa" name="test_rectify_prefix_custom" time="0.223" /><testcase classname="tests.test_verifactu" name="test_company_verifactu_persists" time="0.462" /><testcase classname="tests.test_verifactu" name="test_invoice_created_with_verifactu_chain" time="0.244" /><testcase classname="tests.test_verifactu" name="test_invoice_without_verifactu_when_disabled" time="0.239" /><testcase classname="tests.test_verifactu" name="test_submit_and_idempotent" time="0.351" /><testcase classname="tests.test_verifactu" name="test_submit_without_verifactu_returns_400" time="0.298" /><testcase classname="tests.test_verifactu" name="test_pdf_of_verifactu_invoice" time="0.237" /><testcase classname="tests.test_verifactu" name="test_annual_summary_structure" time="0.050" /><testcase classname="tests.test_verifactu_cert" name="test_upload_certificate_wrong_password_returns_400" time="0.489" /><testcase classname="tests.test_verifactu_cert" name="test_upload_certificate_ok_returns_meta" time="0.242" /><testcase classname="tests.test_verifactu_cert" name="test_get_certificate_does_not_expose_secrets" time="0.046" /><testcase classname="tests.test_verifactu_cert" name="test_submit_signed_creates_log_entry" time="0.323" /><testcase classname="tests.test_verifactu_cert" name="test_connection_log_sorted_desc" time="0.064" /><testcase classname="tests.test_verifactu_cert" name="test_submit_without_certificate_still_works_unsigned" time="0.196" /><testcase classname="tests.test_verifactu_cert" name="test_user_isolation_cert_and_log" time="0.774" /><testcase classname="tests.test_verifactu_cert" name="test_cron_purge_requires_auth" time="0.241" /><testcase classname="tests.test_verifactu_cert" name="test_cron_purge_clears_log" time="1.646" /><testcase classname="tests.test_verifactu_cert" name="test_delete_certificate_cleanup" time="0.127" /></testsuite></testsuites>