<?xml version="1.0" encoding="utf-8"?><testsuites name="pytest tests"><testsuite name="pytest" errors="0" failures="0" skipped="0" tests="7" time="8.873" timestamp="2026-09-24T13:01:40.019013+00:00" hostname="agent-env-0d5bde37-377a-4fd1-8006-96218ab65782"><testcase classname="tests.test_iter19_expenses_batch" name="test_seed_expense_via_bulk" time="0.683" /><testcase classname="tests.test_iter19_expenses_batch" name="test_scan_batch_duplicates_and_invalid" time="3.488" /><testcase classname="tests.test_iter19_expenses_batch" name="test_scan_batch_batch_dup" time="2.112" /><testcase classname="tests.test_iter19_expenses_batch" name="test_scan_batch_pdf_multipage" time="1.830" /><testcase classname="tests.test_iter19_expenses_batch" name="test_scan_batch_no_files" time="0.085" /><testcase classname="tests.test_iter19_expenses_batch" name="test_bulk_math_and_persist" time="0.186" /><testcase classname="tests.test_iter19_expenses_batch" name="test_bulk_empty_rejected" time="0.083" /></testsuite></testsuites>