<?xml version="1.0" encoding="utf-8"?><testsuites name="pytest tests"><testsuite name="pytest" errors="0" failures="0" skipped="0" tests="9" time="2.125" timestamp="2026-08-19T10:33:45.878363+00:00" hostname="agent-env-0d5bde37-377a-4fd1-8006-96218ab65782"><testcase classname="tests.test_iter15_line_iva.TestInvoiceLineIVA" name="test_create_multi_iva_invoice" time="0.503" /><testcase classname="tests.test_iter15_line_iva.TestInvoiceLineIVA" name="test_update_recomputes" time="0.060" /><testcase classname="tests.test_iter15_line_iva.TestInvoiceLineIVA" name="test_reject_invalid_iva_rate" time="0.053" /><testcase classname="tests.test_iter15_line_iva.TestInvoiceLineIVA" name="test_reject_invalid_iva_type" time="0.054" /><testcase classname="tests.test_iter15_line_iva.TestInvoiceLineIVA" name="test_accept_allowed_rates" time="0.219" /><testcase classname="tests.test_iter15_line_iva.TestInvoiceLineIVA" name="test_pdf_download" time="0.271" /><testcase classname="tests.test_iter15_line_iva.TestInvoiceLineIVA" name="test_annual_summary_uses_breakdown" time="0.111" /><testcase classname="tests.test_iter15_line_iva.TestInvoiceLineIVA" name="test_export_libros_csv" time="0.057" /><testcase classname="tests.test_iter15_line_iva.TestInvoiceLineIVA" name="test_export_libros_xlsx" time="0.469" /></testsuite></testsuites>