<?xml version="1.0" encoding="utf-8"?><testsuites name="pytest tests"><testsuite name="pytest" errors="0" failures="0" skipped="0" tests="10" time="5.008" timestamp="2026-08-16T17:15:54.037589+00:00" hostname="agent-env-0d5bde37-377a-4fd1-8006-96218ab65782"><testcase classname="tests.test_verifactu_cert" name="test_upload_certificate_wrong_password_returns_400" time="0.725" /><testcase classname="tests.test_verifactu_cert" name="test_upload_certificate_ok_returns_meta" time="0.256" /><testcase classname="tests.test_verifactu_cert" name="test_get_certificate_does_not_expose_secrets" time="0.065" /><testcase classname="tests.test_verifactu_cert" name="test_submit_signed_creates_log_entry" time="0.395" /><testcase classname="tests.test_verifactu_cert" name="test_connection_log_sorted_desc" time="0.062" /><testcase classname="tests.test_verifactu_cert" name="test_submit_without_certificate_still_works_unsigned" time="0.268" /><testcase classname="tests.test_verifactu_cert" name="test_user_isolation_cert_and_log" time="1.073" /><testcase classname="tests.test_verifactu_cert" name="test_cron_purge_requires_auth" time="0.291" /><testcase classname="tests.test_verifactu_cert" name="test_cron_purge_clears_log" time="1.684" /><testcase classname="tests.test_verifactu_cert" name="test_delete_certificate_cleanup" time="0.112" /></testsuite></testsuites>