<?xml version="1.0" encoding="utf-8"?><testsuites name="pytest tests"><testsuite name="pytest" errors="0" failures="0" skipped="0" tests="7" time="26.313" timestamp="2026-08-18T17:41:00.375503+00:00" hostname="agent-env-0d5bde37-377a-4fd1-8006-96218ab65782"><testcase classname="tests.test_iter13_features" name="test_register_grants_14day_trial" time="12.525" /><testcase classname="tests.test_iter13_features" name="test_plan_endpoint_returns_trial_for_new_user" time="1.873" /><testcase classname="tests.test_iter13_features" name="test_admin_revenue_endpoint" time="0.416" /><testcase classname="tests.test_iter13_features" name="test_admin_revenue_requires_admin" time="6.653" /><testcase classname="tests.test_iter13_features" name="test_yearly_checkout_returns_stripe_url" time="2.494" /><testcase classname="tests.test_iter13_features" name="test_monthly_checkout_returns_stripe_url" time="1.620" /><testcase classname="tests.test_iter13_features" name="test_plans_list" time="0.402" /></testsuite></testsuites>