<?xml version="1.0" encoding="utf-8"?><testsuites name="pytest tests"><testsuite name="pytest" errors="0" failures="0" skipped="0" tests="18" time="5.420" timestamp="2026-08-16T18:27:47.239975+00:00" hostname="agent-env-0d5bde37-377a-4fd1-8006-96218ab65782"><testcase classname="tests.test_iter8_admin.TestAdminLogin" name="test_admin_role" time="0.419" /><testcase classname="tests.test_iter8_admin.TestAdminLogin" name="test_admin_plan" time="0.045" /><testcase classname="tests.test_iter8_admin.TestAdminAuthz" name="test_users_nonadmin_forbidden" time="0.734" /><testcase classname="tests.test_iter8_admin.TestAdminAuthz" name="test_stats_nonadmin_forbidden" time="0.057" /><testcase classname="tests.test_iter8_admin.TestAdminAuthz" name="test_users_admin_ok" time="0.151" /><testcase classname="tests.test_iter8_admin.TestAdminAuthz" name="test_stats" time="0.051" /><testcase classname="tests.test_iter8_admin.TestPlanLimits" name="test_assign_basico" time="0.047" /><testcase classname="tests.test_iter8_admin.TestPlanLimits" name="test_invoice_limit_11th_denied" time="0.726" /><testcase classname="tests.test_iter8_admin.TestPlanLimits" name="test_contact_limit" time="0.628" /><testcase classname="tests.test_iter8_admin.TestPlanLimits" name="test_email_feature_denied_basico" time="0.117" /><testcase classname="tests.test_iter8_admin.TestPlanLimits" name="test_verifactu_denied_basico" time="0.130" /><testcase classname="tests.test_iter8_admin.TestPlanLimits" name="test_ocr_denied_basico" time="0.057" /><testcase classname="tests.test_iter8_admin.TestBlockUnblock" name="test_block_user_prevents_login" time="0.373" /><testcase classname="tests.test_iter8_admin.TestBlockUnblock" name="test_unblock_restores_login" time="0.404" /><testcase classname="tests.test_iter8_admin.TestBlockUnblock" name="test_cannot_block_admin" time="0.090" /><testcase classname="tests.test_iter8_admin.TestImpersonation" name="test_impersonation_flow" time="0.641" /><testcase classname="tests.test_iter8_admin.TestGlobalGoroky" name="test_put_and_get_global" time="0.189" /><testcase classname="tests.test_iter8_admin.TestGorokyPdf" name="test_goroky_pdf_two_pages" time="0.477" /></testsuite></testsuites>