<?xml version="1.0" encoding="utf-8"?><testsuites name="pytest tests"><testsuite name="pytest" errors="0" failures="0" skipped="0" tests="12" time="6.430" timestamp="2026-08-16T19:03:27.543366+00:00" hostname="agent-env-0d5bde37-377a-4fd1-8006-96218ab65782"><testcase classname="tests.test_iter9_plans.TestPublicPlans" name="test_plans_list" time="1.182" /><testcase classname="tests.test_iter9_plans.TestPublicPlans" name="test_plans_requires_auth" time="0.125" /><testcase classname="tests.test_iter9_plans.TestPublicPlans" name="test_my_plan" time="0.046" /><testcase classname="tests.test_iter9_plans.TestAdminPlansEditor" name="test_get_admin_plans" time="0.050" /><testcase classname="tests.test_iter9_plans.TestAdminPlansEditor" name="test_nonadmin_forbidden" time="0.090" /><testcase classname="tests.test_iter9_plans.TestAdminPlansEditor" name="test_put_persists_and_reflects" time="0.193" /><testcase classname="tests.test_iter9_plans.TestAdminPlansEditor" name="test_restore_defaults" time="0.095" /><testcase classname="tests.test_iter9_plans.TestGatingWithOverrides" name="test_low_invoice_limit_enforced" time="0.257" /><testcase classname="tests.test_iter9_plans.TestGatingWithOverrides" name="test_ocr_enabled_via_override" time="3.968" /><testcase classname="tests.test_iter9_plans.TestGatingWithOverrides" name="test_restore_defaults_after" time="0.048" /><testcase classname="tests.test_iter9_plans.TestExpenseNifLookup" name="test_lookup_from_saved_provider" time="0.193" /><testcase classname="tests.test_iter9_plans.TestExpenseNifLookup" name="test_lookup_empty_returns_400" time="0.111" /></testsuite></testsuites>