<?xml version="1.0" encoding="utf-8"?><testsuites name="pytest tests"><testsuite name="pytest" errors="0" failures="0" skipped="0" tests="70" time="26.484" timestamp="2026-08-16T18:28:03.157221+00:00" hostname="agent-env-0d5bde37-377a-4fd1-8006-96218ab65782"><testcase classname="tests.backend_test" name="test_auth_me" time="0.406" /><testcase classname="tests.backend_test" name="test_login_invalid" time="0.370" /><testcase classname="tests.backend_test" name="test_company_upsert_and_get" time="0.094" /><testcase classname="tests.backend_test" name="test_invoice_computation" time="0.043" /><testcase classname="tests.backend_test" name="test_invoice_list" time="0.073" /><testcase classname="tests.backend_test" name="test_invoice_pdf" time="0.051" /><testcase classname="tests.backend_test" name="test_invoice_send_email" time="0.392" /><testcase classname="tests.backend_test" name="test_invoice_send_email_no_client_email" time="0.133" /><testcase classname="tests.backend_test" name="test_invoice_status_toggle" time="0.098" /><testcase classname="tests.backend_test" name="test_expense_create_and_delete" time="0.139" /><testcase classname="tests.backend_test" name="test_dashboard" time="0.044" /><testcase classname="tests.backend_test" name="test_register_new_user" time="0.381" /><testcase classname="tests.test_iter7.TestLookupNif" name="test_lookup_valid_es_cif" time="1.003" /><testcase classname="tests.test_iter7.TestLookupNif" name="test_lookup_empty" time="0.054" /><testcase classname="tests.test_iter7.TestLookupNif" name="test_lookup_unauth" time="0.096" /><testcase classname="tests.test_iter7.TestCompanyMode" name="test_set_preproduccion" time="0.172" /><testcase classname="tests.test_iter7.TestCompanyMode" name="test_set_simulado" time="0.176" /><testcase classname="tests.test_iter7.TestVerifactuSimulado" name="test_submit_simulado" time="0.348" /><testcase classname="tests.test_iter7.TestVerifactuSimulado" name="test_submit_idempotent" time="0.164" /><testcase classname="tests.test_iter7.TestVerifactuSimulado" name="test_download_signed_xml" time="0.057" /><testcase classname="tests.test_iter7.TestVerifactuSimulado" name="test_download_xml_404_no_verifactu" time="0.399" /><testcase classname="tests.test_iter7.TestVerifactuPreproduccion" name="test_preprod_captures_error" time="1.679" /><testcase classname="tests.test_iter7.TestCronCertExpiry" name="test_no_auth" time="0.154" /><testcase classname="tests.test_iter7.TestCronCertExpiry" name="test_wrong_auth" time="0.089" /><testcase classname="tests.test_iter7.TestCronCertExpiry" name="test_with_secret" time="0.104" /><testcase classname="tests.test_iter8_admin.TestAdminLogin" name="test_admin_role" time="0.380" /><testcase classname="tests.test_iter8_admin.TestAdminLogin" name="test_admin_plan" time="0.046" /><testcase classname="tests.test_iter8_admin.TestAdminAuthz" name="test_users_nonadmin_forbidden" time="0.703" /><testcase classname="tests.test_iter8_admin.TestAdminAuthz" name="test_stats_nonadmin_forbidden" time="0.043" /><testcase classname="tests.test_iter8_admin.TestAdminAuthz" name="test_users_admin_ok" time="0.097" /><testcase classname="tests.test_iter8_admin.TestAdminAuthz" name="test_stats" time="0.053" /><testcase classname="tests.test_iter8_admin.TestPlanLimits" name="test_assign_basico" time="0.067" /><testcase classname="tests.test_iter8_admin.TestPlanLimits" name="test_invoice_limit_11th_denied" time="0.623" /><testcase classname="tests.test_iter8_admin.TestPlanLimits" name="test_contact_limit" time="0.539" /><testcase classname="tests.test_iter8_admin.TestPlanLimits" name="test_email_feature_denied_basico" time="0.096" /><testcase classname="tests.test_iter8_admin.TestPlanLimits" name="test_verifactu_denied_basico" time="0.092" /><testcase classname="tests.test_iter8_admin.TestPlanLimits" name="test_ocr_denied_basico" time="0.049" /><testcase classname="tests.test_iter8_admin.TestBlockUnblock" name="test_block_user_prevents_login" time="0.424" /><testcase classname="tests.test_iter8_admin.TestBlockUnblock" name="test_unblock_restores_login" time="0.373" /><testcase classname="tests.test_iter8_admin.TestBlockUnblock" name="test_cannot_block_admin" time="0.104" /><testcase classname="tests.test_iter8_admin.TestImpersonation" name="test_impersonation_flow" time="0.557" /><testcase classname="tests.test_iter8_admin.TestGlobalGoroky" name="test_put_and_get_global" time="0.141" /><testcase classname="tests.test_iter8_admin.TestGorokyPdf" name="test_goroky_pdf_two_pages" time="0.465" /><testcase classname="tests.test_new_features" name="test_register_with_tax_type_empresa" time="0.442" /><testcase classname="tests.test_new_features" name="test_register_with_tax_type_autonomo" time="0.358" /><testcase classname="tests.test_new_features" name="test_available_years" time="0.371" /><testcase classname="tests.test_new_features" name="test_contacts_crud" time="0.292" /><testcase classname="tests.test_new_features" name="test_dashboard_with_modelo_130" time="0.047" /><testcase classname="tests.test_new_features" name="test_files_requires_auth" time="0.100" /><testcase classname="tests.test_new_features" name="test_expense_scan_ocr" time="6.326" /><testcase classname="tests.test_rectificativa" name="test_company_rectify_prefix_default" time="0.385" /><testcase classname="tests.test_rectificativa" name="test_rectificativa_flow" time="0.289" /><testcase classname="tests.test_rectificativa" name="test_rectify_prefix_custom" time="0.172" /><testcase classname="tests.test_verifactu" name="test_company_verifactu_persists" time="0.459" /><testcase classname="tests.test_verifactu" name="test_invoice_created_with_verifactu_chain" time="0.230" /><testcase classname="tests.test_verifactu" name="test_invoice_without_verifactu_when_disabled" time="0.233" /><testcase classname="tests.test_verifactu" name="test_submit_and_idempotent" time="0.325" /><testcase classname="tests.test_verifactu" name="test_submit_without_verifactu_returns_400" time="0.326" /><testcase classname="tests.test_verifactu" name="test_pdf_of_verifactu_invoice" time="0.212" /><testcase classname="tests.test_verifactu" name="test_annual_summary_structure" time="0.048" /><testcase classname="tests.test_verifactu_cert" name="test_upload_certificate_wrong_password_returns_400" time="0.502" /><testcase classname="tests.test_verifactu_cert" name="test_upload_certificate_ok_returns_meta" time="0.235" /><testcase classname="tests.test_verifactu_cert" name="test_get_certificate_does_not_expose_secrets" time="0.053" /><testcase classname="tests.test_verifactu_cert" name="test_submit_signed_creates_log_entry" time="0.330" /><testcase classname="tests.test_verifactu_cert" name="test_connection_log_sorted_desc" time="0.056" /><testcase classname="tests.test_verifactu_cert" name="test_submit_without_certificate_still_works_unsigned" time="0.211" /><testcase classname="tests.test_verifactu_cert" name="test_user_isolation_cert_and_log" time="0.770" /><testcase classname="tests.test_verifactu_cert" name="test_cron_purge_requires_auth" time="0.180" /><testcase classname="tests.test_verifactu_cert" name="test_cron_purge_clears_log" time="1.717" /><testcase classname="tests.test_verifactu_cert" name="test_delete_certificate_cleanup" time="0.117" /></testsuite></testsuites>