<?xml version="1.0" encoding="utf-8"?><testsuites name="pytest tests"><testsuite name="pytest" errors="0" failures="1" skipped="0" tests="39" time="14.673" timestamp="2026-08-16T17:16:03.652276+00:00" hostname="agent-env-0d5bde37-377a-4fd1-8006-96218ab65782"><testcase classname="tests.backend_test" name="test_auth_me" time="0.438" /><testcase classname="tests.backend_test" name="test_login_invalid" time="0.400" /><testcase classname="tests.backend_test" name="test_company_upsert_and_get" time="0.123" /><testcase classname="tests.backend_test" name="test_invoice_computation" time="0.063" /><testcase classname="tests.backend_test" name="test_invoice_list" time="0.074" /><testcase classname="tests.backend_test" name="test_invoice_pdf" time="0.064" /><testcase classname="tests.backend_test" name="test_invoice_send_email" time="0.319" /><testcase classname="tests.backend_test" name="test_invoice_send_email_no_client_email" time="0.184" /><testcase classname="tests.backend_test" name="test_invoice_status_toggle" time="0.119" /><testcase classname="tests.backend_test" name="test_expense_create_and_delete" time="0.176" /><testcase classname="tests.backend_test" name="test_dashboard" time="0.058" /><testcase classname="tests.backend_test" name="test_register_new_user" time="0.395" /><testcase classname="tests.test_new_features" name="test_register_with_tax_type_empresa" time="0.415" /><testcase classname="tests.test_new_features" name="test_register_with_tax_type_autonomo" time="0.379" /><testcase classname="tests.test_new_features" name="test_available_years" time="0.383" /><testcase classname="tests.test_new_features" name="test_contacts_crud" time="0.313" /><testcase classname="tests.test_new_features" name="test_dashboard_with_modelo_130" time="0.051" /><testcase classname="tests.test_new_features" name="test_files_requires_auth" time="0.102" /><testcase classname="tests.test_new_features" name="test_expense_scan_ocr" time="3.329" /><testcase classname="tests.test_rectificativa" name="test_company_rectify_prefix_default" time="0.428" /><testcase classname="tests.test_rectificativa" name="test_rectificativa_flow" time="0.323" /><testcase classname="tests.test_rectificativa" name="test_rectify_prefix_custom" time="0.208" /><testcase classname="tests.test_verifactu" name="test_company_verifactu_persists" time="0.498" /><testcase classname="tests.test_verifactu" name="test_invoice_created_with_verifactu_chain" time="0.242" /><testcase classname="tests.test_verifactu" name="test_invoice_without_verifactu_when_disabled" time="0.252" /><testcase classname="tests.test_verifactu" name="test_submit_and_idempotent" time="0.267"><failure message="AssertionError: assert None is True&#10; +  where None = &lt;built-in method get of dict object at 0xfd00bf6a48c0&gt;('already')&#10; +    where &lt;built-in method get of dict object at 0xfd00bf6a48c0&gt; = {'status': 'Aceptado por la AEAT (simulado)', 'csv': 'VF-92E29F81E160E8A1', 'signed': False, 'simulated': True, ...}.get">backend/tests/test_verifactu.py:115: in test_submit_and_idempotent
    assert d2.get("already") is True
E   AssertionError: assert None is True
E    +  where None = &lt;built-in method get of dict object at 0xfd00bf6a48c0&gt;('already')
E    +    where &lt;built-in method get of dict object at 0xfd00bf6a48c0&gt; = {'status': 'Aceptado por la AEAT (simulado)', 'csv': 'VF-92E29F81E160E8A1', 'signed': False, 'simulated': True, ...}.get</failure></testcase><testcase classname="tests.test_verifactu" name="test_submit_without_verifactu_returns_400" time="0.295" /><testcase classname="tests.test_verifactu" name="test_pdf_of_verifactu_invoice" time="0.233" /><testcase classname="tests.test_verifactu" name="test_annual_summary_structure" time="0.047" /><testcase classname="tests.test_verifactu_cert" name="test_upload_certificate_wrong_password_returns_400" time="0.491" /><testcase classname="tests.test_verifactu_cert" name="test_upload_certificate_ok_returns_meta" time="0.250" /><testcase classname="tests.test_verifactu_cert" name="test_get_certificate_does_not_expose_secrets" time="0.057" /><testcase classname="tests.test_verifactu_cert" name="test_submit_signed_creates_log_entry" time="0.357" /><testcase classname="tests.test_verifactu_cert" name="test_connection_log_sorted_desc" time="0.059" /><testcase classname="tests.test_verifactu_cert" name="test_submit_without_certificate_still_works_unsigned" time="0.247" /><testcase classname="tests.test_verifactu_cert" name="test_user_isolation_cert_and_log" time="0.873" /><testcase classname="tests.test_verifactu_cert" name="test_cron_purge_requires_auth" time="0.242" /><testcase classname="tests.test_verifactu_cert" name="test_cron_purge_clears_log" time="1.650" /><testcase classname="tests.test_verifactu_cert" name="test_delete_certificate_cleanup" time="0.136" /></testsuite></testsuites>