<?xml version="1.0" encoding="utf-8"?><testsuites name="pytest tests"><testsuite name="pytest" errors="0" failures="0" skipped="0" tests="13" time="4.512" timestamp="2026-08-16T17:33:55.944206+00:00" hostname="agent-env-0d5bde37-377a-4fd1-8006-96218ab65782"><testcase classname="tests.test_iter7.TestLookupNif" name="test_lookup_valid_es_cif" time="0.930" /><testcase classname="tests.test_iter7.TestLookupNif" name="test_lookup_empty" time="0.048" /><testcase classname="tests.test_iter7.TestLookupNif" name="test_lookup_unauth" time="0.201" /><testcase classname="tests.test_iter7.TestCompanyMode" name="test_set_preproduccion" time="0.147" /><testcase classname="tests.test_iter7.TestCompanyMode" name="test_set_simulado" time="0.141" /><testcase classname="tests.test_iter7.TestVerifactuSimulado" name="test_submit_simulado" time="0.404" /><testcase classname="tests.test_iter7.TestVerifactuSimulado" name="test_submit_idempotent" time="0.141" /><testcase classname="tests.test_iter7.TestVerifactuSimulado" name="test_download_signed_xml" time="0.048" /><testcase classname="tests.test_iter7.TestVerifactuSimulado" name="test_download_xml_404_no_verifactu" time="0.363" /><testcase classname="tests.test_iter7.TestVerifactuPreproduccion" name="test_preprod_captures_error" time="1.614" /><testcase classname="tests.test_iter7.TestCronCertExpiry" name="test_no_auth" time="0.151" /><testcase classname="tests.test_iter7.TestCronCertExpiry" name="test_wrong_auth" time="0.130" /><testcase classname="tests.test_iter7.TestCronCertExpiry" name="test_with_secret" time="0.110" /></testsuite></testsuites>