<?xml version="1.0" encoding="utf-8"?><testsuites name="pytest tests"><testsuite name="pytest" errors="0" failures="0" skipped="0" tests="14" time="3.456" timestamp="2026-08-18T21:41:18.111274+00:00" hostname="agent-env-0d5bde37-377a-4fd1-8006-96218ab65782"><testcase classname="tests.test_iter14_security.TestPasswordStrength" name="test_weak_rejected[123]" time="0.531" /><testcase classname="tests.test_iter14_security.TestAdminRegexEscape" name="test_regex_special_safe[.*]" time="0.604" /><testcase classname="tests.test_iter14_security.TestPasswordStrength" name="test_weak_rejected[abcdefgh]" time="0.139" /><testcase classname="tests.test_iter14_security.TestAdminRegexEscape" name="test_regex_special_safe[(]" time="0.484" /><testcase classname="tests.test_iter14_security.TestPasswordStrength" name="test_weak_rejected[short]" time="0.302" /><testcase classname="tests.test_iter14_security.TestPasswordStrength" name="test_strong_accepted" time="0.426" /><testcase classname="tests.test_iter14_security.TestAdminRegexEscape" name="test_regex_special_safe[[abc]" time="0.579" /><testcase classname="tests.test_iter14_security.TestDocsDisabled" name="test_docs_404" time="0.207" /><testcase classname="tests.test_iter14_security.TestDocsDisabled" name="test_openapi_404" time="0.147" /><testcase classname="tests.test_iter14_security.TestAdminRegexEscape" name="test_regex_special_safe[\\]" time="0.668" /><testcase classname="tests.test_iter14_security.TestCSRF" name="test_cookie_no_header_blocked" time="0.627" /><testcase classname="tests.test_iter14_security.TestAdminRegexEscape" name="test_regex_special_safe[?]" time="0.619" /><testcase classname="tests.test_iter14_security.TestCSRF" name="test_cookie_with_header_allowed" time="0.657" /><testcase classname="tests.test_iter14_security.TestSecurityHeaders" name="test_headers_present_on_get" time="0.141" /></testsuite></testsuites>