<?xml version="1.0" encoding="utf-8"?><testsuites name="pytest tests"><testsuite name="pytest" errors="0" failures="0" skipped="0" tests="16" time="11.500" timestamp="2026-08-18T17:06:58.391672+00:00" hostname="agent-env-0d5bde37-377a-4fd1-8006-96218ab65782"><testcase classname="tests.test_iter12_features.TestIRPF" name="test_normal_autonomo" time="1.112" /><testcase classname="tests.test_iter12_features.TestIRPF" name="test_new_autonomo" time="0.143" /><testcase classname="tests.test_iter12_features.TestIRPF" name="test_empresa" time="0.312" /><testcase classname="tests.test_iter12_features.TestValidation" name="test_invalid_nif_422" time="1.929" /><testcase classname="tests.test_iter12_features.TestValidation" name="test_bad_iva_422" time="0.081" /><testcase classname="tests.test_iter12_features.TestValidation" name="test_empty_line_items_422" time="0.274" /><testcase classname="tests.test_iter12_features.TestValidation" name="test_empty_description_422" time="0.083" /><testcase classname="tests.test_iter12_features.TestValidation" name="test_valid_ok" time="0.372" /><testcase classname="tests.test_iter12_features.TestAssistant" name="test_empty_message_400" time="1.229" /><testcase classname="tests.test_iter12_features.TestAnular" name="test_anular_with_verifactu" time="2.011" /><testcase classname="tests.test_iter12_features.TestAssistant" name="test_new_autonomo_reply_mentions_7" time="4.690" /><testcase classname="tests.test_iter12_features.TestAnular" name="test_anular_without_verifactu" time="0.610" /><testcase classname="tests.test_iter12_features.TestReview" name="test_bad_draft" time="2.357" /><testcase classname="tests.test_iter12_features.TestAssistant" name="test_multiturn" time="3.278" /><testcase classname="tests.test_iter12_features.TestReview" name="test_clean_draft" time="1.608" /><testcase classname="tests.test_iter12_features.TestExclusion" name="test_dashboard_excludes_annulled" time="0.400" /></testsuite></testsuites>