<?xml version="1.0" encoding="utf-8"?><testsuites name="pytest tests"><testsuite name="pytest" errors="0" failures="0" skipped="0" tests="9" time="2.023" timestamp="2026-08-19T11:16:32.251873+00:00" hostname="agent-env-0d5bde37-377a-4fd1-8006-96218ab65782"><testcase classname="tests.test_iter16_discounts" name="test_create_invoice_with_discounts" time="0.470" /><testcase classname="tests.test_iter16_discounts" name="test_update_invoice_recomputes_discounts" time="0.137" /><testcase classname="tests.test_iter16_discounts" name="test_invoice_pdf_ok" time="0.160" /><testcase classname="tests.test_iter16_discounts" name="test_preview_pdf_png[clasico]" time="0.174" /><testcase classname="tests.test_iter16_discounts" name="test_preview_pdf_png[goroky]" time="0.287" /><testcase classname="tests.test_iter16_discounts" name="test_admin_test_email" time="0.256" /><testcase classname="tests.test_iter16_discounts" name="test_annual_summary_ok" time="0.079" /><testcase classname="tests.test_iter16_discounts" name="test_export_libros_xlsx" time="0.085" /><testcase classname="tests.test_iter16_discounts" name="test_zzz_cleanup" time="0.046" /></testsuite></testsuites>