<?xml version="1.0" encoding="utf-8"?><testsuites name="pytest tests"><testsuite name="pytest" errors="0" failures="0" skipped="0" tests="18" time="4.419" timestamp="2026-08-30T13:00:32.968057+00:00" hostname="agent-env-0d5bde37-377a-4fd1-8006-96218ab65782"><testcase classname="tests.test_iter17_multiempresa" name="test_auth_me" time="0.608" /><testcase classname="tests.test_iter17_multiempresa" name="test_company_get" time="0.115" /><testcase classname="tests.test_iter17_multiempresa" name="test_dashboard" time="0.065" /><testcase classname="tests.test_iter17_multiempresa" name="test_taxes_like" time="0.116" /><testcase classname="tests.test_iter17_multiempresa" name="test_export_libros" time="0.089" /><testcase classname="tests.test_iter17_multiempresa" name="test_plans_include_multiempresas" time="0.064" /><testcase classname="tests.test_iter17_multiempresa" name="test_contact_sales" time="0.514" /><testcase classname="tests.test_iter17_multiempresa" name="test_companies_list_and_create" time="0.328" /><testcase classname="tests.test_iter17_multiempresa" name="test_invoice_isolation_new_company" time="0.115" /><testcase classname="tests.test_iter17_multiempresa" name="test_switch_and_isolation" time="0.215" /><testcase classname="tests.test_iter17_multiempresa" name="test_cannot_delete_company_with_invoices" time="0.128" /><testcase classname="tests.test_iter17_multiempresa" name="test_multi_toggle" time="0.062" /><testcase classname="tests.test_iter17_multiempresa" name="test_quote_flow" time="1.081" /><testcase classname="tests.test_iter17_multiempresa" name="test_intracom_invoice" time="0.319" /><testcase classname="tests.test_iter17_multiempresa" name="test_annual_summary_349_390" time="0.123" /><testcase classname="tests.test_iter17_multiempresa" name="test_verifactu_desglose_e1_e5" time="0.003" /><testcase classname="tests.test_iter17_multiempresa" name="test_cannot_delete_only_company" time="0.000" /><testcase classname="tests.test_iter17_multiempresa" name="test_cleanup" time="0.393" /></testsuite></testsuites>