<?xml version="1.0" encoding="utf-8"?><testsuites name="pytest tests"><testsuite name="pytest" errors="0" failures="2" skipped="0" tests="11" time="6.762" timestamp="2026-08-16T19:48:58.249263+00:00" hostname="agent-env-0d5bde37-377a-4fd1-8006-96218ab65782"><testcase classname="tests.test_iter10_payments.TestRegression" name="test_admin_plans_editor_still_works" time="3.110" /><testcase classname="tests.test_iter10_payments.TestCheckout" name="test_checkout_requires_auth" time="0.216" /><testcase classname="tests.test_iter10_payments.TestCheckout" name="test_checkout_medio" time="3.000" /><testcase classname="tests.test_iter10_payments.TestRegression" name="test_defaults_restored" time="0.617" /><testcase classname="tests.test_iter10_payments.TestCheckout" name="test_checkout_platino" time="1.453" /><testcase classname="tests.test_iter10_payments.TestRegression" name="test_auth_me_still_works" time="1.417" /><testcase classname="tests.test_iter10_payments.TestCheckout" name="test_checkout_basico_rejected" time="0.540" /><testcase classname="tests.test_iter10_payments.TestUsageWarning" name="test_80_percent_and_over_limit" time="0.761"><failure message="AssertionError: invoice 0: 422 {&quot;detail&quot;:[{&quot;type&quot;:&quot;missing&quot;,&quot;loc&quot;:[&quot;body&quot;,&quot;issue_date&quot;],&quot;msg&quot;:&quot;Field required&quot;,&quot;input&quot;:{&quot;client_name&quot;:&quot;TEST Cliente 0&quot;,&quot;client_nif&quot;:&quot;B12345678&quot;,&quot;items&quot;:[{&quot;description&quot;:&quot;Servicio&quot;,&quot;quantity&quot;:1,&quot;unit_price&quot;:10,&quot;vat_rate&quot;:21}]},&quot;url&quot;:&quot;https://errors.pydantic.dev/2.13/v/missing&quot;},{&quot;type&quot;:&quot;missing&quot;,&quot;loc&quot;:[&quot;body&quot;,&quot;client&quot;],&quot;msg&quot;:&quot;Field required&quot;,&quot;input&quot;:{&quot;client_name&quot;:&quot;TEST Cliente 0&quot;,&quot;client_nif&quot;:&quot;B12345678&quot;,&quot;items&quot;:[{&quot;description&quot;:&quot;Servicio&quot;,&quot;quantity&quot;:1,&quot;unit_price&quot;:10,&quot;vat_rate&quot;:21}]},&quot;url&quot;:&quot;https://errors.pydantic.dev/2.13/v/missing&quot;},{&quot;type&quot;:&quot;missing&quot;,&quot;loc&quot;:[&quot;body&quot;,&quot;line_items&quot;],&quot;msg&quot;:&quot;Field required&quot;,&quot;input&quot;:{&quot;client_name&quot;:&quot;TEST Cliente 0&quot;,&quot;client_nif&quot;:&quot;B12345678&quot;,&quot;items&quot;:[{&quot;description&quot;:&quot;Servicio&quot;,&quot;quantity&quot;:1,&quot;unit_price&quot;:10,&quot;vat_rate&quot;:21}]},&quot;url&quot;:&quot;https://errors.pydantic.dev/2.13/v/missing&quot;}]}&#10;assert 422 in (200, 201)&#10; +  where 422 = &lt;Response [422]&gt;.status_code">backend/tests/test_iter10_payments.py:94: in test_80_percent_and_over_limit
    assert r.status_code in (200, 201), f"invoice {i}: {r.status_code} {r.text}"
E   AssertionError: invoice 0: 422 {"detail":[{"type":"missing","loc":["body","issue_date"],"msg":"Field required","input":{"client_name":"TEST Cliente 0","client_nif":"B12345678","items":[{"description":"Servicio","quantity":1,"unit_price":10,"vat_rate":21}]},"url":"https://errors.pydantic.dev/2.13/v/missing"},{"type":"missing","loc":["body","client"],"msg":"Field required","input":{"client_name":"TEST Cliente 0","client_nif":"B12345678","items":[{"description":"Servicio","quantity":1,"unit_price":10,"vat_rate":21}]},"url":"https://errors.pydantic.dev/2.13/v/missing"},{"type":"missing","loc":["body","line_items"],"msg":"Field required","input":{"client_name":"TEST Cliente 0","client_nif":"B12345678","items":[{"description":"Servicio","quantity":1,"unit_price":10,"vat_rate":21}]},"url":"https://errors.pydantic.dev/2.13/v/missing"}]}
E   assert 422 in (200, 201)
E    +  where 422 = &lt;Response [422]&gt;.status_code</failure></testcase><testcase classname="tests.test_iter10_payments.TestCheckout" name="test_checkout_unknown_plan_rejected" time="0.555" /><testcase classname="tests.test_iter10_payments.TestCheckout" name="test_status_unknown_session_404" time="0.156" /><testcase classname="tests.test_iter10_payments.TestUsageWarning" name="test_80_percent_threshold_visible" time="0.384"><failure message="assert 422 in (200, 201)&#10; +  where 422 = &lt;Response [422]&gt;.status_code">backend/tests/test_iter10_payments.py:110: in test_80_percent_threshold_visible
    assert r.status_code in (200, 201)
E   assert 422 in (200, 201)
E    +  where 422 = &lt;Response [422]&gt;.status_code</failure></testcase></testsuite></testsuites>