<?xml version="1.0" encoding="utf-8"?><testsuites name="pytest tests"><testsuite name="pytest" errors="0" failures="0" skipped="0" tests="82" time="28.461" timestamp="2026-08-16T19:03:38.497694+00:00" hostname="agent-env-0d5bde37-377a-4fd1-8006-96218ab65782"><testcase classname="tests.backend_test" name="test_auth_me" time="0.504" /><testcase classname="tests.backend_test" name="test_login_invalid" time="0.331" /><testcase classname="tests.backend_test" name="test_company_upsert_and_get" time="0.098" /><testcase classname="tests.backend_test" name="test_invoice_computation" time="0.084" /><testcase classname="tests.backend_test" name="test_invoice_list" time="0.069" /><testcase classname="tests.backend_test" name="test_invoice_pdf" time="0.053" /><testcase classname="tests.backend_test" name="test_invoice_send_email" time="0.266" /><testcase classname="tests.backend_test" name="test_invoice_send_email_no_client_email" time="0.145" /><testcase classname="tests.backend_test" name="test_invoice_status_toggle" time="0.101" /><testcase classname="tests.backend_test" name="test_expense_create_and_delete" time="0.141" /><testcase classname="tests.backend_test" name="test_dashboard" time="0.070" /><testcase classname="tests.backend_test" name="test_register_new_user" time="0.428" /><testcase classname="tests.test_iter7.TestLookupNif" name="test_lookup_valid_es_cif" time="1.068" /><testcase classname="tests.test_iter7.TestLookupNif" name="test_lookup_empty" time="0.047" /><testcase classname="tests.test_iter7.TestLookupNif" name="test_lookup_unauth" time="0.138" /><testcase classname="tests.test_iter7.TestCompanyMode" name="test_set_preproduccion" time="0.159" /><testcase classname="tests.test_iter7.TestCompanyMode" name="test_set_simulado" time="0.154" /><testcase classname="tests.test_iter7.TestVerifactuSimulado" name="test_submit_simulado" time="0.311" /><testcase classname="tests.test_iter7.TestVerifactuSimulado" name="test_submit_idempotent" time="0.145" /><testcase classname="tests.test_iter7.TestVerifactuSimulado" name="test_download_signed_xml" time="0.051" /><testcase classname="tests.test_iter7.TestVerifactuSimulado" name="test_download_xml_404_no_verifactu" time="0.338" /><testcase classname="tests.test_iter7.TestVerifactuPreproduccion" name="test_preprod_captures_error" time="1.746" /><testcase classname="tests.test_iter7.TestCronCertExpiry" name="test_no_auth" time="0.197" /><testcase classname="tests.test_iter7.TestCronCertExpiry" name="test_wrong_auth" time="0.129" /><testcase classname="tests.test_iter7.TestCronCertExpiry" name="test_with_secret" time="0.178" /><testcase classname="tests.test_iter8_admin.TestAdminLogin" name="test_admin_role" time="0.399" /><testcase classname="tests.test_iter8_admin.TestAdminLogin" name="test_admin_plan" time="0.056" /><testcase classname="tests.test_iter8_admin.TestAdminAuthz" name="test_users_nonadmin_forbidden" time="0.737" /><testcase classname="tests.test_iter8_admin.TestAdminAuthz" name="test_stats_nonadmin_forbidden" time="0.047" /><testcase classname="tests.test_iter8_admin.TestAdminAuthz" name="test_users_admin_ok" time="0.087" /><testcase classname="tests.test_iter8_admin.TestAdminAuthz" name="test_stats" time="0.060" /><testcase classname="tests.test_iter8_admin.TestPlanLimits" name="test_assign_basico" time="0.054" /><testcase classname="tests.test_iter8_admin.TestPlanLimits" name="test_invoice_limit_11th_denied" time="0.673" /><testcase classname="tests.test_iter8_admin.TestPlanLimits" name="test_contact_limit" time="0.534" /><testcase classname="tests.test_iter8_admin.TestPlanLimits" name="test_email_feature_denied_basico" time="0.099" /><testcase classname="tests.test_iter8_admin.TestPlanLimits" name="test_verifactu_denied_basico" time="0.101" /><testcase classname="tests.test_iter8_admin.TestPlanLimits" name="test_ocr_denied_basico" time="0.052" /><testcase classname="tests.test_iter8_admin.TestBlockUnblock" name="test_block_user_prevents_login" time="0.395" /><testcase classname="tests.test_iter8_admin.TestBlockUnblock" name="test_unblock_restores_login" time="0.390" /><testcase classname="tests.test_iter8_admin.TestBlockUnblock" name="test_cannot_block_admin" time="0.110" /><testcase classname="tests.test_iter8_admin.TestImpersonation" name="test_impersonation_flow" time="0.662" /><testcase classname="tests.test_iter8_admin.TestGlobalGoroky" name="test_put_and_get_global" time="0.155" /><testcase classname="tests.test_iter8_admin.TestGorokyPdf" name="test_goroky_pdf_two_pages" time="0.548" /><testcase classname="tests.test_iter9_plans.TestPublicPlans" name="test_plans_list" time="1.136" /><testcase classname="tests.test_iter9_plans.TestPublicPlans" name="test_plans_requires_auth" time="0.094" /><testcase classname="tests.test_iter9_plans.TestPublicPlans" name="test_my_plan" time="0.057" /><testcase classname="tests.test_iter9_plans.TestAdminPlansEditor" name="test_get_admin_plans" time="0.044" /><testcase classname="tests.test_iter9_plans.TestAdminPlansEditor" name="test_nonadmin_forbidden" time="0.117" /><testcase classname="tests.test_iter9_plans.TestAdminPlansEditor" name="test_put_persists_and_reflects" time="0.201" /><testcase classname="tests.test_iter9_plans.TestAdminPlansEditor" name="test_restore_defaults" time="0.083" /><testcase classname="tests.test_iter9_plans.TestGatingWithOverrides" name="test_low_invoice_limit_enforced" time="0.264" /><testcase classname="tests.test_iter9_plans.TestGatingWithOverrides" name="test_ocr_enabled_via_override" time="2.982" /><testcase classname="tests.test_iter9_plans.TestGatingWithOverrides" name="test_restore_defaults_after" time="0.045" /><testcase classname="tests.test_iter9_plans.TestExpenseNifLookup" name="test_lookup_from_saved_provider" time="0.224" /><testcase classname="tests.test_iter9_plans.TestExpenseNifLookup" name="test_lookup_empty_returns_400" time="0.085" /><testcase classname="tests.test_new_features" name="test_register_with_tax_type_empresa" time="0.393" /><testcase classname="tests.test_new_features" name="test_register_with_tax_type_autonomo" time="0.379" /><testcase classname="tests.test_new_features" name="test_available_years" time="0.376" /><testcase classname="tests.test_new_features" name="test_contacts_crud" time="0.281" /><testcase classname="tests.test_new_features" name="test_dashboard_with_modelo_130" time="0.046" /><testcase classname="tests.test_new_features" name="test_files_requires_auth" time="0.364" /><testcase classname="tests.test_new_features" name="test_expense_scan_ocr" time="1.663" /><testcase classname="tests.test_rectificativa" name="test_company_rectify_prefix_default" time="0.394" /><testcase classname="tests.test_rectificativa" name="test_rectificativa_flow" time="0.323" /><testcase classname="tests.test_rectificativa" name="test_rectify_prefix_custom" time="0.220" /><testcase classname="tests.test_verifactu" name="test_company_verifactu_persists" time="0.490" /><testcase classname="tests.test_verifactu" name="test_invoice_created_with_verifactu_chain" time="0.281" /><testcase classname="tests.test_verifactu" name="test_invoice_without_verifactu_when_disabled" time="0.273" /><testcase classname="tests.test_verifactu" name="test_submit_and_idempotent" time="0.384" /><testcase classname="tests.test_verifactu" name="test_submit_without_verifactu_returns_400" time="0.322" /><testcase classname="tests.test_verifactu" name="test_pdf_of_verifactu_invoice" time="0.296" /><testcase classname="tests.test_verifactu" name="test_annual_summary_structure" time="0.055" /><testcase classname="tests.test_verifactu_cert" name="test_upload_certificate_wrong_password_returns_400" time="0.532" /><testcase classname="tests.test_verifactu_cert" name="test_upload_certificate_ok_returns_meta" time="0.255" /><testcase classname="tests.test_verifactu_cert" name="test_get_certificate_does_not_expose_secrets" time="0.058" /><testcase classname="tests.test_verifactu_cert" name="test_submit_signed_creates_log_entry" time="0.330" /><testcase classname="tests.test_verifactu_cert" name="test_connection_log_sorted_desc" time="0.054" /><testcase classname="tests.test_verifactu_cert" name="test_submit_without_certificate_still_works_unsigned" time="0.214" /><testcase classname="tests.test_verifactu_cert" name="test_user_isolation_cert_and_log" time="0.859" /><testcase classname="tests.test_verifactu_cert" name="test_cron_purge_requires_auth" time="0.233" /><testcase classname="tests.test_verifactu_cert" name="test_cron_purge_clears_log" time="1.645" /><testcase classname="tests.test_verifactu_cert" name="test_delete_certificate_cleanup" time="0.116" /></testsuite></testsuites>