<?xml version="1.0" encoding="utf-8"?><testsuites name="pytest tests"><testsuite name="pytest" errors="0" failures="0" skipped="0" tests="7" time="7.233" timestamp="2026-08-16T16:20:33.864218+00:00" hostname="agent-env-0d5bde37-377a-4fd1-8006-96218ab65782"><testcase classname="tests.test_new_features" name="test_register_with_tax_type_empresa" time="0.507" /><testcase classname="tests.test_new_features" name="test_register_with_tax_type_autonomo" time="0.415" /><testcase classname="tests.test_new_features" name="test_available_years" time="0.441" /><testcase classname="tests.test_new_features" name="test_contacts_crud" time="0.319" /><testcase classname="tests.test_new_features" name="test_dashboard_with_modelo_130" time="0.055" /><testcase classname="tests.test_new_features" name="test_files_requires_auth" time="0.121" /><testcase classname="tests.test_new_features" name="test_expense_scan_ocr" time="4.855" /></testsuite></testsuites>