<?xml version="1.0" encoding="utf-8"?><testsuites name="pytest tests"><testsuite name="pytest" errors="0" failures="0" skipped="0" tests="10" time="5.847" timestamp="2026-09-17T20:53:17.905648+00:00" hostname="agent-env-0d5bde37-377a-4fd1-8006-96218ab65782"><testcase classname="tests.test_pos_module.TestSettings" name="test_get_settings_defaults" time="0.799" /><testcase classname="tests.test_pos_module.TestGating" name="test_basic_user_denied_pos_endpoints" time="1.361" /><testcase classname="tests.test_pos_module.TestSettings" name="test_put_settings_valid_and_invalid" time="0.390" /><testcase classname="tests.test_pos_module.TestCatalog" name="test_categories_crud_and_product" time="1.052" /><testcase classname="tests.test_pos_module.TestGating" name="test_admin_has_access" time="0.484" /><testcase classname="tests.test_pos_module.TestAdminToggle" name="test_admin_pos_toggle_flow" time="1.371" /><testcase classname="tests.test_pos_module.TestTables" name="test_tables_crud" time="0.630" /><testcase classname="tests.test_pos_module.TestSession" name="test_session_state_and_movement" time="0.850" /><testcase classname="tests.test_pos_module.TestRetailSale" name="test_sale_mixto_and_tarjeta_and_refund" time="1.048" /><testcase classname="tests.test_pos_module.TestHosteleria" name="test_open_ticket_update_pay_and_delete" time="1.196" /></testsuite></testsuites>