<?xml version="1.0" encoding="utf-8"?><testsuites name="pytest tests"><testsuite name="pytest" errors="0" failures="0" skipped="0" tests="3" time="1.581" timestamp="2026-08-16T16:49:12.159918+00:00" hostname="agent-env-0d5bde37-377a-4fd1-8006-96218ab65782"><testcase classname="tests.test_rectificativa" name="test_company_rectify_prefix_default" time="0.560" /><testcase classname="tests.test_rectificativa" name="test_rectificativa_flow" time="0.326" /><testcase classname="tests.test_rectificativa" name="test_rectify_prefix_custom" time="0.204" /></testsuite></testsuites>