<?xml version="1.0" encoding="utf-8"?><testsuites name="pytest tests"><testsuite name="pytest" errors="0" failures="0" skipped="0" tests="29" time="8.644" timestamp="2026-08-16T16:59:45.750263+00:00" hostname="agent-env-0d5bde37-377a-4fd1-8006-96218ab65782"><testcase classname="tests.test_new_features" name="test_register_with_tax_type_empresa" time="0.716" /><testcase classname="tests.backend_test" name="test_auth_me" time="0.621" /><testcase classname="tests.backend_test" name="test_login_invalid" time="0.592" /><testcase classname="tests.test_new_features" name="test_register_with_tax_type_autonomo" time="0.505" /><testcase classname="tests.backend_test" name="test_company_upsert_and_get" time="0.336" /><testcase classname="tests.test_new_features" name="test_available_years" time="0.408" /><testcase classname="tests.test_new_features" name="test_contacts_crud" time="0.424" /><testcase classname="tests.backend_test" name="test_invoice_computation" time="0.134" /><testcase classname="tests.backend_test" name="test_invoice_list" time="0.103" /><testcase classname="tests.backend_test" name="test_invoice_pdf" time="0.073" /><testcase classname="tests.backend_test" name="test_invoice_send_email" time="0.311" /><testcase classname="tests.test_new_features" name="test_dashboard_with_modelo_130" time="0.044" /><testcase classname="tests.test_new_features" name="test_files_requires_auth" time="0.139" /><testcase classname="tests.backend_test" name="test_invoice_send_email_no_client_email" time="0.198" /><testcase classname="tests.test_new_features" name="test_expense_scan_ocr" time="3.319" /><testcase classname="tests.backend_test" name="test_invoice_status_toggle" time="1.687" /><testcase classname="tests.backend_test" name="test_expense_create_and_delete" time="0.248" /><testcase classname="tests.backend_test" name="test_dashboard" time="0.108" /><testcase classname="tests.backend_test" name="test_register_new_user" time="0.382" /><testcase classname="tests.test_rectificativa" name="test_company_rectify_prefix_default" time="0.395" /><testcase classname="tests.test_rectificativa" name="test_rectificativa_flow" time="0.498" /><testcase classname="tests.test_rectificativa" name="test_rectify_prefix_custom" time="0.373" /><testcase classname="tests.test_verifactu" name="test_company_verifactu_persists" time="0.661" /><testcase classname="tests.test_verifactu" name="test_invoice_created_with_verifactu_chain" time="0.432" /><testcase classname="tests.test_verifactu" name="test_invoice_without_verifactu_when_disabled" time="0.269" /><testcase classname="tests.test_verifactu" name="test_submit_and_idempotent" time="0.481" /><testcase classname="tests.test_verifactu" name="test_submit_without_verifactu_returns_400" time="0.352" /><testcase classname="tests.test_verifactu" name="test_pdf_of_verifactu_invoice" time="0.300" /><testcase classname="tests.test_verifactu" name="test_annual_summary_structure" time="0.069" /></testsuite></testsuites>