<?xml version="1.0" encoding="utf-8"?><testsuites name="pytest tests"><testsuite name="pytest" errors="0" failures="0" skipped="0" tests="12" time="3.064" timestamp="2026-08-16T16:01:26.972687+00:00" hostname="agent-env-0d5bde37-377a-4fd1-8006-96218ab65782"><testcase classname="tests.backend_test" name="test_auth_me" time="0.504" /><testcase classname="tests.backend_test" name="test_login_invalid" time="0.371" /><testcase classname="tests.backend_test" name="test_company_upsert_and_get" time="0.122" /><testcase classname="tests.backend_test" name="test_invoice_computation" time="0.063" /><testcase classname="tests.backend_test" name="test_invoice_list" time="0.059" /><testcase classname="tests.backend_test" name="test_invoice_pdf" time="0.065" /><testcase classname="tests.backend_test" name="test_invoice_send_email" time="0.331" /><testcase classname="tests.backend_test" name="test_invoice_send_email_no_client_email" time="0.187" /><testcase classname="tests.backend_test" name="test_invoice_status_toggle" time="0.118" /><testcase classname="tests.backend_test" name="test_expense_create_and_delete" time="0.182" /><testcase classname="tests.backend_test" name="test_dashboard" time="0.056" /><testcase classname="tests.backend_test" name="test_register_new_user" time="0.448" /></testsuite></testsuites>