<?xml version="1.0" encoding="utf-8"?><testsuites name="pytest tests"><testsuite name="pytest" errors="0" failures="0" skipped="0" tests="7" time="2.354" timestamp="2026-08-16T16:59:38.571969+00:00" hostname="agent-env-0d5bde37-377a-4fd1-8006-96218ab65782"><testcase classname="tests.test_verifactu" name="test_company_verifactu_persists" time="0.496" /><testcase classname="tests.test_verifactu" name="test_invoice_created_with_verifactu_chain" time="0.226" /><testcase classname="tests.test_verifactu" name="test_invoice_without_verifactu_when_disabled" time="0.261" /><testcase classname="tests.test_verifactu" name="test_submit_and_idempotent" time="0.325" /><testcase classname="tests.test_verifactu" name="test_submit_without_verifactu_returns_400" time="0.280" /><testcase classname="tests.test_verifactu" name="test_pdf_of_verifactu_invoice" time="0.217" /><testcase classname="tests.test_verifactu" name="test_annual_summary_structure" time="0.047" /></testsuite></testsuites>